<?xml version="1.0" encoding="UTF-8"?>
<!-- Generated by org.testng.reporters.JUnitReportReporter -->
<testsuite hostname="DESKTOP-601D2VQ" failures="0" tests="2" name="atomationStore.test2" time="8.620" errors="0" timestamp="2024-03-18T22:24:19 EET" skipped="0">
  <testcase classname="atomationStore.test2" name="login" time="2.433"/>
  <system-out/>
  <testcase classname="atomationStore.test2" name="changPassword" time="6.187"/>
  <system-out/>
</testsuite> <!-- atomationStore.test2 -->
